2018-09-12 11:46:12.570 DEBUG 966 --- [main] o.s.w.c.s.StandardServletEnvironment     : Adding PropertySource 'configurationProperties' with highest search precedence
2018-09-12 11:46:12.605 DEBUG 966 --- [main] o.s.w.c.s.StandardServletEnvironment     : Adding PropertySource 'servletConfigInitParams' with lowest search precedence
2018-09-12 11:46:12.606 DEBUG 966 --- [main] o.s.w.c.s.StandardServletEnvironment     : Adding PropertySource 'servletContextInitParams' with lowest search precedence
2018-09-12 11:46:12.606 DEBUG 966 --- [main] o.s.w.c.s.StandardServletEnvironment     : Adding PropertySource 'systemProperties' with lowest search precedence
2018-09-12 11:46:12.606 DEBUG 966 --- [main] o.s.w.c.s.StandardServletEnvironment     : Adding PropertySource 'systemEnvironment' with lowest search precedence
2018-09-12 11:46:12.606 DEBUG 966 --- [main] o.s.w.c.s.StandardServletEnvironment     : Initialized StandardServletEnvironment with PropertySources [StubPropertySource {name='servletConfigInitParams'}, StubPropertySource {name='servletContextInitParams'}, MapPropertySource {name='systemProperties'}, SystemEnvironmentPropertySource {name='systemEnvironment'}]
2018-09-12 11:46:12.663  INFO 966 --- [main] com.example.demo.DemoApplication         : Starting DemoApplication on bogon with PID 966 (/Users/zhoupei/Documents/demospringboot/target/classes started by zhoupei in /Users/zhoupei/Documents/demospringboot)
2018-09-12 11:46:12.663  INFO 966 --- [main] com.example.demo.DemoApplication         : The following profiles are active: dev
2018-09-12 11:46:12.721  INFO 966 --- [main] ConfigServletWebServerApplicationContext : Refreshing org.springframework.boot.web.servlet.context.AnnotationConfigServletWebServerApplicationContext@6379eb: startup date [Wed Sep 12 11:46:12 CST 2018]; root of context hierarchy
2018-09-12 11:46:13.835 DEBUG 966 --- [main] o.s.w.c.s.StandardServletEnvironment     : Adding PropertySource 'class path resource [book.properties]' with lowest search precedence
2018-09-12 11:46:14.173  WARN 966 --- [main] o.m.s.mapper.ClassPathMapperScanner      : No MyBatis mapper was found in '[com.elasticsearch, com.example.demo]' package. Please check your configuration.
2018-09-12 11:46:14.359 DEBUG 966 --- [main] o.s.w.c.s.StandardServletEnvironment     : Removing PropertySource 'defaultProperties'
2018-09-12 11:46:14.780  INFO 966 --- [main] o.s.b.w.embedded.tomcat.TomcatWebServer  : Tomcat initialized with port(s): 8081 (http)
2018-09-12 11:46:14.807  INFO 966 --- [main] o.apache.catalina.core.StandardService   : Starting service [Tomcat]
2018-09-12 11:46:14.807  INFO 966 --- [main] org.apache.catalina.core.StandardEngine  : Starting Servlet Engine: Apache Tomcat/8.5.28
2018-09-12 11:46:14.811  INFO 966 --- [localhost-startStop-1] o.a.catalina.core.AprLifecycleListener   : The APR based Apache Tomcat Native library which allows optimal performance in production environments was not found on the java.library.path: [/Users/zhoupei/Library/Java/Extensions:/Library/Java/Extensions:/Network/Library/Java/Extensions:/System/Library/Java/Extensions:/usr/lib/java:.]
2018-09-12 11:46:14.891  INFO 966 --- [localhost-startStop-1] o.a.c.c.C.[.[localhost].[/helloboot]     : Initializing Spring embedded WebApplicationContext
2018-09-12 11:46:14.891 DEBUG 966 --- [localhost-startStop-1] o.s.web.context.ContextLoader            : Published root WebApplicationContext as ServletContext attribute with name [org.springframework.web.context.WebApplicationContext.ROOT]
2018-09-12 11:46:14.891  INFO 966 --- [localhost-startStop-1] o.s.web.context.ContextLoader            : Root WebApplicationContext: initialization completed in 2170 ms
2018-09-12 11:46:14.991  INFO 966 --- [localhost-startStop-1] o.s.b.w.servlet.ServletRegistrationBean  : Servlet dispatcherServlet mapped to [/]
2018-09-12 11:46:14.996  INFO 966 --- [localhost-startStop-1] o.s.b.w.servlet.FilterRegistrationBean   : Mapping filter: 'characterEncodingFilter' to: [/*]
2018-09-12 11:46:14.996  INFO 966 --- [localhost-startStop-1] o.s.b.w.servlet.FilterRegistrationBean   : Mapping filter: 'hiddenHttpMethodFilter' to: [/*]
2018-09-12 11:46:14.996  INFO 966 --- [localhost-startStop-1] o.s.b.w.servlet.FilterRegistrationBean   : Mapping filter: 'httpPutFormContentFilter' to: [/*]
2018-09-12 11:46:14.996  INFO 966 --- [localhost-startStop-1] o.s.b.w.servlet.FilterRegistrationBean   : Mapping filter: 'requestContextFilter' to: [/*]
2018-09-12 11:46:15.022 DEBUG 966 --- [main] o.s.w.c.s.StandardServletEnvironment     : Replacing PropertySource 'servletContextInitParams' with 'servletContextInitParams'
2018-09-12 11:46:15.050  INFO 966 --- [main] com.elasticsearch.ElasticsearchConfig    : 初始化开始。。。。。
2018-09-12 11:46:15.160  INFO 966 --- [main] o.elasticsearch.plugins.PluginsService   : no modules loaded
2018-09-12 11:46:15.161  INFO 966 --- [main] o.elasticsearch.plugins.PluginsService   : loaded plugin [org.elasticsearch.index.reindex.ReindexPlugin]
2018-09-12 11:46:15.161  INFO 966 --- [main] o.elasticsearch.plugins.PluginsService   : loaded plugin [org.elasticsearch.join.ParentJoinPlugin]
2018-09-12 11:46:15.162  INFO 966 --- [main] o.elasticsearch.plugins.PluginsService   : loaded plugin [org.elasticsearch.percolator.PercolatorPlugin]
2018-09-12 11:46:15.162  INFO 966 --- [main] o.elasticsearch.plugins.PluginsService   : loaded plugin [org.elasticsearch.script.mustache.MustachePlugin]
2018-09-12 11:46:15.162  INFO 966 --- [main] o.elasticsearch.plugins.PluginsService   : loaded plugin [org.elasticsearch.transport.Netty4Plugin]
2018-09-12 11:46:15.217  INFO 966 --- [main] i.netty.util.internal.PlatformDependent  : Your platform does not provide complete low-level API for accessing direct buffers reliably. Unless explicitly requested, heap buffer will always be preferred to avoid potential system instability.
2018-09-12 11:46:16.694  INFO 966 --- [main] s.w.s.m.m.a.RequestMappingHandlerAdapter : Looking for @ControllerAdvice: org.springframework.boot.web.servlet.context.AnnotationConfigServletWebServerApplicationContext@6379eb: startup date [Wed Sep 12 11:46:12 CST 2018]; root of context hierarchy
2018-09-12 11:46:16.703  INFO 966 --- [main] s.w.s.m.m.a.RequestMappingHandlerAdapter : Detected ResponseBodyAdvice bean in fastJsonpResponseBodyAdvice
2018-09-12 11:46:16.703  INFO 966 --- [main] s.w.s.m.m.a.RequestMappingHandlerAdapter : Detected ResponseBodyAdvice bean in JSONPResponseBodyAdvice
2018-09-12 11:46:16.703  INFO 966 --- [main] s.w.s.m.m.a.RequestMappingHandlerAdapter : Detected ResponseBodyAdvice bean in fastJsonViewResponseBodyAdvice
2018-09-12 11:46:16.753 DEBUG 966 --- [main] s.w.s.m.m.a.RequestMappingHandlerMapping : Looking for request mappings in application context: org.springframework.boot.web.servlet.context.AnnotationConfigServletWebServerApplicationContext@6379eb: startup date [Wed Sep 12 11:46:12 CST 2018]; root of context hierarchy
2018-09-12 11:46:16.764 DEBUG 966 --- [main] s.w.s.m.m.a.RequestMappingHandlerMapping : 11 request handler methods found on class com.elasticsearch.ESController: {public java.lang.String com.elasticsearch.ESController.update(java.lang.String)={[/es/update]}, public java.lang.String com.elasticsearch.ESController.delete(java.lang.String)={[/es/delete]}, public java.lang.String com.elasticsearch.ESController.createIndex(javax.servlet.http.HttpServletRequest,javax.servlet.http.HttpServletResponse)={[/es/createIndex]}, public java.lang.String com.elasticsearch.ESController.insertJson()={[/es/insertJson]}, public java.lang.String com.elasticsearch.ESController.queryMatchData()={[/es/queryMatchData]}, public java.lang.String com.elasticsearch.ESController.queryWildcardData()={[/es/queryWildcardData]}, public java.lang.String com.elasticsearch.ESController.queryRegexpData()={[/es/queryRegexpData]}, public java.lang.String com.elasticsearch.ESController.queryIntRangeData()={[/es/queryIntRangeData]}, public java.lang.String com.elasticsearch.ESController.queryDateRangeData()={[/es/queryDateRangeData]}, public java.lang.String com.elasticsearch.ESController.queryPage(java.lang.String,java.lang.String)={[/es/queryPage]}, public java.lang.String com.elasticsearch.ESController.getData(java.lang.String)={[/es/getData]}}
2018-09-12 11:46:16.766  INFO 966 --- [main] s.w.s.m.m.a.RequestMappingHandlerMapping : Mapped "{[/es/update]}" onto public java.lang.String com.elasticsearch.ESController.update(java.lang.String)
2018-09-12 11:46:16.767  INFO 966 --- [main] s.w.s.m.m.a.RequestMappingHandlerMapping : Mapped "{[/es/delete]}" onto public java.lang.String com.elasticsearch.ESController.delete(java.lang.String)
2018-09-12 11:46:16.767  INFO 966 --- [main] s.w.s.m.m.a.RequestMappingHandlerMapping : Mapped "{[/es/createIndex]}" onto public java.lang.String com.elasticsearch.ESController.createIndex(javax.servlet.http.HttpServletRequest,javax.servlet.http.HttpServletResponse)
2018-09-12 11:46:16.767  INFO 966 --- [main] s.w.s.m.m.a.RequestMappingHandlerMapping : Mapped "{[/es/insertJson]}" onto public java.lang.String com.elasticsearch.ESController.insertJson()
2018-09-12 11:46:16.767  INFO 966 --- [main] s.w.s.m.m.a.RequestMappingHandlerMapping : Mapped "{[/es/queryMatchData]}" onto public java.lang.String com.elasticsearch.ESController.queryMatchData()
2018-09-12 11:46:16.768  INFO 966 --- [main] s.w.s.m.m.a.RequestMappingHandlerMapping : Mapped "{[/es/queryWildcardData]}" onto public java.lang.String com.elasticsearch.ESController.queryWildcardData()
2018-09-12 11:46:16.768  INFO 966 --- [main] s.w.s.m.m.a.RequestMappingHandlerMapping : Mapped "{[/es/queryRegexpData]}" onto public java.lang.String com.elasticsearch.ESController.queryRegexpData()
2018-09-12 11:46:16.768  INFO 966 --- [main] s.w.s.m.m.a.RequestMappingHandlerMapping : Mapped "{[/es/queryIntRangeData]}" onto public java.lang.String com.elasticsearch.ESController.queryIntRangeData()
2018-09-12 11:46:16.769  INFO 966 --- [main] s.w.s.m.m.a.RequestMappingHandlerMapping : Mapped "{[/es/queryDateRangeData]}" onto public java.lang.String com.elasticsearch.ESController.queryDateRangeData()
2018-09-12 11:46:16.769  INFO 966 --- [main] s.w.s.m.m.a.RequestMappingHandlerMapping : Mapped "{[/es/queryPage]}" onto public java.lang.String com.elasticsearch.ESController.queryPage(java.lang.String,java.lang.String)
2018-09-12 11:46:16.769  INFO 966 --- [main] s.w.s.m.m.a.RequestMappingHandlerMapping : Mapped "{[/es/getData]}" onto public java.lang.String com.elasticsearch.ESController.getData(java.lang.String)
2018-09-12 11:46:16.770 DEBUG 966 --- [main] s.w.s.m.m.a.RequestMappingHandlerMapping : 1 request handler methods found on class com.example.con.IndexCon: {public java.lang.String com.example.con.IndexCon.index()={[/index2]}}
2018-09-12 11:46:16.770  INFO 966 --- [main] s.w.s.m.m.a.RequestMappingHandlerMapping : Mapped "{[/index2]}" onto public java.lang.String com.example.con.IndexCon.index()
2018-09-12 11:46:16.771 DEBUG 966 --- [main] s.w.s.m.m.a.RequestMappingHandlerMapping : 2 request handler methods found on class com.example.demo.controller.IndexController: {public java.util.Map com.example.demo.controller.IndexController.index()={[/index]}, public java.lang.String com.example.demo.controller.IndexController.getBook()={[/getBook],produces=[text/plain;charset=UTF-8]}}
2018-09-12 11:46:16.771  INFO 966 --- [main] s.w.s.m.m.a.RequestMappingHandlerMapping : Mapped "{[/index]}" onto public java.util.Map<java.lang.String, java.lang.Object> com.example.demo.controller.IndexController.index()
2018-09-12 11:46:16.771  INFO 966 --- [main] s.w.s.m.m.a.RequestMappingHandlerMapping : Mapped "{[/getBook],produces=[text/plain;charset=UTF-8]}" onto public java.lang.String com.example.demo.controller.IndexController.getBook()
2018-09-12 11:46:16.776 DEBUG 966 --- [main] s.w.s.m.m.a.RequestMappingHandlerMapping : 2 request handler methods found on class org.springframework.boot.autoconfigure.web.servlet.error.BasicErrorController: {public org.springframework.http.ResponseEntity org.springframework.boot.autoconfigure.web.servlet.error.BasicErrorController.error(javax.servlet.http.HttpServletRequest)={[/error]}, public org.springframework.web.servlet.ModelAndView org.springframework.boot.autoconfigure.web.servlet.error.BasicErrorController.errorHtml(javax.servlet.http.HttpServletRequest,javax.servlet.http.HttpServletResponse)={[/error],produces=[text/html]}}
2018-09-12 11:46:16.776  INFO 966 --- [main] s.w.s.m.m.a.RequestMappingHandlerMapping : Mapped "{[/error]}" onto public org.springframework.http.ResponseEntity<java.util.Map<java.lang.String, java.lang.Object>> org.springframework.boot.autoconfigure.web.servlet.error.BasicErrorController.error(javax.servlet.http.HttpServletRequest)
2018-09-12 11:46:16.777  INFO 966 --- [main] s.w.s.m.m.a.RequestMappingHandlerMapping : Mapped "{[/error],produces=[text/html]}" onto public org.springframework.web.servlet.ModelAndView org.springframework.boot.autoconfigure.web.servlet.error.BasicErrorController.errorHtml(javax.servlet.http.HttpServletRequest,javax.servlet.http.HttpServletResponse)
2018-09-12 11:46:16.804 DEBUG 966 --- [main] o.s.w.s.h.BeanNameUrlHandlerMapping      : Looking for URL mappings in application context: org.springframework.boot.web.servlet.context.AnnotationConfigServletWebServerApplicationContext@6379eb: startup date [Wed Sep 12 11:46:12 CST 2018]; root of context hierarchy
2018-09-12 11:46:16.805 DEBUG 966 --- [main] o.s.w.s.h.BeanNameUrlHandlerMapping      : Rejected bean name 'org.springframework.context.annotation.internalConfigurationAnnotationProcessor': no URL paths identified
2018-09-12 11:46:16.805 DEBUG 966 --- [main] o.s.w.s.h.BeanNameUrlHandlerMapping      : Rejected bean name 'org.springframework.context.annotation.internalAutowiredAnnotationProcessor': no URL paths identified
2018-09-12 11:46:16.805 DEBUG 966 --- [main] o.s.w.s.h.BeanNameUrlHandlerMapping      : Rejected bean name 'org.springframework.context.annotation.internalRequiredAnnotationProcessor': no URL paths identified
2018-09-12 11:46:16.805 DEBUG 966 --- [main] o.s.w.s.h.BeanNameUrlHandlerMapping      : Rejected bean name 'org.springframework.context.annotation.internalCommonAnnotationProcessor': no URL paths identified
2018-09-12 11:46:16.805 DEBUG 966 --- [main] o.s.w.s.h.BeanNameUrlHandlerMapping      : Rejected bean name 'org.springframework.context.event.internalEventListenerProcessor': no URL paths identified
2018-09-12 11:46:16.805 DEBUG 966 --- [main] o.s.w.s.h.BeanNameUrlHandlerMapping      : Rejected bean name 'org.springframework.context.event.internalEventListenerFactory': no URL paths identified
2018-09-12 11:46:16.806 DEBUG 966 --- [main] o.s.w.s.h.BeanNameUrlHandlerMapping      : Rejected bean name 'demoApplication': no URL paths identified
2018-09-12 11:46:16.806 DEBUG 966 --- [main] o.s.w.s.h.BeanNameUrlHandlerMapping      : Rejected bean name 'org.springframework.boot.autoconfigure.internalCachingMetadataReaderFactory': no URL paths identified
2018-09-12 11:46:16.806 DEBUG 966 --- [main] o.s.w.s.h.BeanNameUrlHandlerMapping      : Rejected bean name 'ESController': no URL paths identified
2018-09-12 11:46:16.806 DEBUG 966 --- [main] o.s.w.s.h.BeanNameUrlHandlerMapping      : Rejected bean name 'elasticsearchConfig': no URL paths identified
2018-09-12 11:46:16.806 DEBUG 966 --- [main] o.s.w.s.h.BeanNameUrlHandlerMapping      : Rejected bean name 'elasticsearchUtils': no URL paths identified
2018-09-12 11:46:16.806 DEBUG 966 --- [main] o.s.w.s.h.BeanNameUrlHandlerMapping      : Rejected bean name 'indexCon': no URL paths identified
2018-09-12 11:46:16.806 DEBUG 966 --- [main] o.s.w.s.h.BeanNameUrlHandlerMapping      : Rejected bean name 'bookBean': no URL paths identified
2018-09-12 11:46:16.806 DEBUG 966 --- [main] o.s.w.s.h.BeanNameUrlHandlerMapping      : Rejected bean name 'indexController': no URL paths identified
2018-09-12 11:46:16.806 DEBUG 966 --- [main] o.s.w.s.h.BeanNameUrlHandlerMapping      : Rejected bean name 'fastJsonpResponseBodyAdvice': no URL paths identified
2018-09-12 11:46:16.806 DEBUG 966 --- [main] o.s.w.s.h.BeanNameUrlHandlerMapping      : Rejected bean name 'fastJsonViewResponseBodyAdvice': no URL paths identified
2018-09-12 11:46:16.806 DEBUG 966 --- [main] o.s.w.s.h.BeanNameUrlHandlerMapping      : Rejected bean name 'JSONPResponseBodyAdvice': no URL paths identified
2018-09-12 11:46:16.806 DEBUG 966 --- [main] o.s.w.s.h.BeanNameUrlHandlerMapping      : Rejected bean name 'org.springframework.boot.autoconfigure.AutoConfigurationPackages': no URL paths identified
2018-09-12 11:46:16.807 DEBUG 966 --- [main] o.s.w.s.h.BeanNameUrlHandlerMapping      : Rejected bean name 'init': no URL paths identified
2018-09-12 11:46:16.807 DEBUG 966 --- [main] o.s.w.s.h.BeanNameUrlHandlerMapping      : Rejected bean name 'org.springframework.boot.autoconfigure.context.PropertyPlaceholderAutoConfiguration': no URL paths identified
2018-09-12 11:46:16.807 DEBUG 966 --- [main] o.s.w.s.h.BeanNameUrlHandlerMapping      : Rejected bean name 'org.springframework.boot.autoconfigure.condition.BeanTypeRegistry': no URL paths identified
2018-09-12 11:46:16.807 DEBUG 966 --- [main] o.s.w.s.h.BeanNameUrlHandlerMapping      : Rejected bean name 'propertySourcesPlaceholderConfigurer': no URL paths identified
2018-09-12 11:46:16.807 DEBUG 966 --- [main] o.s.w.s.h.BeanNameUrlHandlerMapping      : Rejected bean name 'org.springframework.boot.autoconfigure.jackson.JacksonAutoConfiguration$Jackson2ObjectMapperBuilderCustomizerConfiguration': no URL paths identified
2018-09-12 11:46:16.807 DEBUG 966 --- [main] o.s.w.s.h.BeanNameUrlHandlerMapping      : Rejected bean name 'standardJacksonObjectMapperBuilderCustomizer': no URL paths identified
2018-09-12 11:46:16.807 DEBUG 966 --- [main] o.s.w.s.h.BeanNameUrlHandlerMapping      : Rejected bean name 'spring.jackson-org.springframework.boot.autoconfigure.jackson.JacksonProperties': no URL paths identified
2018-09-12 11:46:16.807 DEBUG 966 --- [main] o.s.w.s.h.BeanNameUrlHandlerMapping      : Rejected bean name 'org.springframework.boot.context.properties.ConfigurationPropertiesBindingPostProcessor': no URL paths identified
2018-09-12 11:46:16.807 DEBUG 966 --- [main] o.s.w.s.h.BeanNameUrlHandlerMapping      : Rejected bean name 'org.springframework.boot.context.properties.ConfigurationBeanFactoryMetadata': no URL paths identified
2018-09-12 11:46:16.807 DEBUG 966 --- [main] o.s.w.s.h.BeanNameUrlHandlerMapping      : Rejected bean name 'org.springframework.boot.autoconfigure.jackson.JacksonAutoConfiguration$JacksonObjectMapperBuilderConfiguration': no URL paths identified
2018-09-12 11:46:16.807 DEBUG 966 --- [main] o.s.w.s.h.BeanNameUrlHandlerMapping      : Rejected bean name 'jacksonObjectMapperBuilder': no URL paths identified
2018-09-12 11:46:16.807 DEBUG 966 --- [main] o.s.w.s.h.BeanNameUrlHandlerMapping      : Rejected bean name 'org.springframework.boot.autoconfigure.jackson.JacksonAutoConfiguration$ParameterNamesModuleConfiguration': no URL paths identified
2018-09-12 11:46:16.807 DEBUG 966 --- [main] o.s.w.s.h.BeanNameUrlHandlerMapping      : Rejected bean name 'parameterNamesModule': no URL paths identified
2018-09-12 11:46:16.807 DEBUG 966 --- [main] o.s.w.s.h.BeanNameUrlHandlerMapping      : Rejected bean name 'org.springframework.boot.autoconfigure.jackson.JacksonAutoConfiguration$JacksonObjectMapperConfiguration': no URL paths identified
2018-09-12 11:46:16.808 DEBUG 966 --- [main] o.s.w.s.h.BeanNameUrlHandlerMapping      : Rejected bean name 'jacksonObjectMapper': no URL paths identified
2018-09-12 11:46:16.808 DEBUG 966 --- [main] o.s.w.s.h.BeanNameUrlHandlerMapping      : Rejected bean name 'org.springframework.boot.autoconfigure.jackson.JacksonAutoConfiguration': no URL paths identified
2018-09-12 11:46:16.808 DEBUG 966 --- [main] o.s.w.s.h.BeanNameUrlHandlerMapping      : Rejected bean name 'jsonComponentModule': no URL paths identified
2018-09-12 11:46:16.808 DEBUG 966 --- [main] o.s.w.s.h.BeanNameUrlHandlerMapping      : Rejected bean name 'org.springframework.boot.autoconfigure.websocket.servlet.WebSocketServletAutoConfiguration$TomcatWebSocketConfiguration': no URL paths identified
2018-09-12 11:46:16.808 DEBUG 966 --- [main] o.s.w.s.h.BeanNameUrlHandlerMapping      : Rejected bean name 'websocketContainerCustomizer': no URL paths identified
2018-09-12 11:46:16.808 DEBUG 966 --- [main] o.s.w.s.h.BeanNameUrlHandlerMapping      : Rejected bean name 'org.springframework.boot.autoconfigure.websocket.servlet.WebSocketServletAutoConfiguration': no URL paths identified
2018-09-12 11:46:16.808 DEBUG 966 --- [main] o.s.w.s.h.BeanNameUrlHandlerMapping      : Rejected bean name 'org.springframework.boot.autoconfigure.web.servlet.ServletWebServerFactoryConfiguration$EmbeddedTomcat': no URL paths identified
2018-09-12 11:46:16.808 DEBUG 966 --- [main] o.s.w.s.h.BeanNameUrlHandlerMapping      : Rejected bean name 'tomcatServletWebServerFactory': no URL paths identified
2018-09-12 11:46:16.808 DEBUG 966 --- [main] o.s.w.s.h.BeanNameUrlHandlerMapping      : Rejected bean name 'org.springframework.boot.autoconfigure.web.servlet.ServletWebServerFactoryAutoConfiguration': no URL paths identified
2018-09-12 11:46:16.808 DEBUG 966 --- [main] o.s.w.s.h.BeanNameUrlHandlerMapping      : Rejected bean name 'servletWebServerFactoryCustomizer': no URL paths identified
2018-09-12 11:46:16.808 DEBUG 966 --- [main] o.s.w.s.h.BeanNameUrlHandlerMapping      : Rejected bean name 'tomcatServletWebServerFactoryCustomizer': no URL paths identified
2018-09-12 11:46:16.808 DEBUG 966 --- [main] o.s.w.s.h.BeanNameUrlHandlerMapping      : Rejected bean name 'server-org.springframework.boot.autoconfigure.web.ServerProperties': no URL paths identified
2018-09-12 11:46:16.808 DEBUG 966 --- [main] o.s.w.s.h.BeanNameUrlHandlerMapping      : Rejected bean name 'webServerFactoryCustomizerBeanPostProcessor': no URL paths identified
2018-09-12 11:46:16.808 DEBUG 966 --- [main] o.s.w.s.h.BeanNameUrlHandlerMapping      : Rejected bean name 'errorPageRegistrarBeanPostProcessor': no URL paths identified
2018-09-12 11:46:16.808 DEBUG 966 --- [main] o.s.w.s.h.BeanNameUrlHandlerMapping      : Rejected bean name 'org.springframework.boot.autoconfigure.web.servlet.DispatcherServletAutoConfiguration$DispatcherServletConfiguration': no URL paths identified
2018-09-12 11:46:16.809 DEBUG 966 --- [main] o.s.w.s.h.BeanNameUrlHandlerMapping      : Rejected bean name 'dispatcherServlet': no URL paths identified
2018-09-12 11:46:16.809 DEBUG 966 --- [main] o.s.w.s.h.BeanNameUrlHandlerMapping      : Rejected bean name 'spring.mvc-org.springframework.boot.autoconfigure.web.servlet.WebMvcProperties': no URL paths identified
2018-09-12 11:46:16.809 DEBUG 966 --- [main] o.s.w.s.h.BeanNameUrlHandlerMapping      : Rejected bean name 'org.springframework.boot.autoconfigure.web.servlet.DispatcherServletAutoConfiguration$DispatcherServletRegistrationConfiguration': no URL paths identified
2018-09-12 11:46:16.809 DEBUG 966 --- [main] o.s.w.s.h.BeanNameUrlHandlerMapping      : Rejected bean name 'dispatcherServletRegistration': no URL paths identified
2018-09-12 11:46:16.809 DEBUG 966 --- [main] o.s.w.s.h.BeanNameUrlHandlerMapping      : Rejected bean name 'org.springframework.boot.autoconfigure.web.servlet.DispatcherServletAutoConfiguration': no URL paths identified
2018-09-12 11:46:16.809 DEBUG 966 --- [main] o.s.w.s.h.BeanNameUrlHandlerMapping      : Rejected bean name 'org.springframework.boot.autoconfigure.http.codec.CodecsAutoConfiguration$JacksonCodecConfiguration': no URL paths identified
2018-09-12 11:46:16.809 DEBUG 966 --- [main] o.s.w.s.h.BeanNameUrlHandlerMapping      : Rejected bean name 'jacksonCodecCustomizer': no URL paths identified
2018-09-12 11:46:16.809 DEBUG 966 --- [main] o.s.w.s.h.BeanNameUrlHandlerMapping      : Rejected bean name 'org.springframework.boot.autoconfigure.http.codec.CodecsAutoConfiguration': no URL paths identified
2018-09-12 11:46:16.809 DEBUG 966 --- [main] o.s.w.s.h.BeanNameUrlHandlerMapping      : Rejected bean name 'org.springframework.boot.autoconfigure.validation.ValidationAutoConfiguration': no URL paths identified
2018-09-12 11:46:16.809 DEBUG 966 --- [main] o.s.w.s.h.BeanNameUrlHandlerMapping      : Rejected bean name 'defaultValidator': no URL paths identified
2018-09-12 11:46:16.809 DEBUG 966 --- [main] o.s.w.s.h.BeanNameUrlHandlerMapping      : Rejected bean name 'methodValidationPostProcessor': no URL paths identified
2018-09-12 11:46:16.809 DEBUG 966 --- [main] o.s.w.s.h.BeanNameUrlHandlerMapping      : Rejected bean name 'org.springframework.boot.autoconfigure.jdbc.DataSourceConfiguration$Hikari': no URL paths identified
2018-09-12 11:46:16.809 DEBUG 966 --- [main] o.s.w.s.h.BeanNameUrlHandlerMapping      : Rejected bean name 'dataSource': no URL paths identified
2018-09-12 11:46:16.809 DEBUG 966 --- [main] o.s.w.s.h.BeanNameUrlHandlerMapping      : Rejected bean name 'org.springframework.boot.autoconfigure.jdbc.DataSourceJmxConfiguration$Hikari': no URL paths identified
2018-09-12 11:46:16.810 DEBUG 966 --- [main] o.s.w.s.h.BeanNameUrlHandlerMapping      : Rejected bean name 'org.springframework.boot.autoconfigure.jdbc.DataSourceJmxConfiguration': no URL paths identified
2018-09-12 11:46:16.810 DEBUG 966 --- [main] o.s.w.s.h.BeanNameUrlHandlerMapping      : Rejected bean name 'org.springframework.boot.autoconfigure.jdbc.DataSourceAutoConfiguration$PooledDataSourceConfiguration': no URL paths identified
2018-09-12 11:46:16.810 DEBUG 966 --- [main] o.s.w.s.h.BeanNameUrlHandlerMapping      : Rejected bean name 'org.springframework.boot.autoconfigure.jdbc.metadata.DataSourcePoolMetadataProvidersConfiguration$HikariPoolDataSourceMetadataProviderConfiguration': no URL paths identified
2018-09-12 11:46:16.810 DEBUG 966 --- [main] o.s.w.s.h.BeanNameUrlHandlerMapping      : Rejected bean name 'hikariPoolDataSourceMetadataProvider': no URL paths identified
2018-09-12 11:46:16.810 DEBUG 966 --- [main] o.s.w.s.h.BeanNameUrlHandlerMapping      : Rejected bean name 'org.springframework.boot.autoconfigure.jdbc.metadata.DataSourcePoolMetadataProvidersConfiguration': no URL paths identified
2018-09-12 11:46:16.810 DEBUG 966 --- [main] o.s.w.s.h.BeanNameUrlHandlerMapping      : Rejected bean name 'org.springframework.boot.autoconfigure.jdbc.DataSourceInitializerInvoker': no URL paths identified
2018-09-12 11:46:16.810 DEBUG 966 --- [main] o.s.w.s.h.BeanNameUrlHandlerMapping      : Rejected bean name 'org.springframework.boot.autoconfigure.jdbc.DataSourceInitializationConfiguration': no URL paths identified
2018-09-12 11:46:16.810 DEBUG 966 --- [main] o.s.w.s.h.BeanNameUrlHandlerMapping      : Rejected bean name 'dataSourceInitializerPostProcessor': no URL paths identified
2018-09-12 11:46:16.810 DEBUG 966 --- [main] o.s.w.s.h.BeanNameUrlHandlerMapping      : Rejected bean name 'org.springframework.boot.autoconfigure.jdbc.DataSourceAutoConfiguration': no URL paths identified
2018-09-12 11:46:16.810 DEBUG 966 --- [main] o.s.w.s.h.BeanNameUrlHandlerMapping      : Rejected bean name 'spring.datasource-org.springframework.boot.autoconfigure.jdbc.DataSourceProperties': no URL paths identified
2018-09-12 11:46:16.810 DEBUG 966 --- [main] o.s.w.s.h.BeanNameUrlHandlerMapping      : Rejected bean name 'org.springframework.boot.autoconfigure.jdbc.JdbcTemplateAutoConfiguration$JdbcTemplateConfiguration': no URL paths identified
2018-09-12 11:46:16.810 DEBUG 966 --- [main] o.s.w.s.h.BeanNameUrlHandlerMapping      : Rejected bean name 'jdbcTemplate': no URL paths identified
2018-09-12 11:46:16.811 DEBUG 966 --- [main] o.s.w.s.h.BeanNameUrlHandlerMapping      : Rejected bean name 'org.springframework.boot.autoconfigure.jdbc.JdbcTemplateAutoConfiguration$NamedParameterJdbcTemplateConfiguration': no URL paths identified
2018-09-12 11:46:16.811 DEBUG 966 --- [main] o.s.w.s.h.BeanNameUrlHandlerMapping      : Rejected bean name 'namedParameterJdbcTemplate': no URL paths identified
2018-09-12 11:46:16.811 DEBUG 966 --- [main] o.s.w.s.h.BeanNameUrlHandlerMapping      : Rejected bean name 'org.springframework.boot.autoconfigure.jdbc.JdbcTemplateAutoConfiguration': no URL paths identified
2018-09-12 11:46:16.811 DEBUG 966 --- [main] o.s.w.s.h.BeanNameUrlHandlerMapping      : Rejected bean name 'spring.jdbc-org.springframework.boot.autoconfigure.jdbc.JdbcProperties': no URL paths identified
2018-09-12 11:46:16.811 DEBUG 966 --- [main] o.s.w.s.h.BeanNameUrlHandlerMapping      : Rejected bean name 'org.springframework.boot.autoconfigure.web.servlet.error.ErrorMvcAutoConfiguration$WhitelabelErrorViewConfiguration': no URL paths identified
2018-09-12 11:46:16.811 DEBUG 966 --- [main] o.s.w.s.h.BeanNameUrlHandlerMapping      : Rejected bean name 'error': no URL paths identified
2018-09-12 11:46:16.811 DEBUG 966 --- [main] o.s.w.s.h.BeanNameUrlHandlerMapping      : Rejected bean name 'beanNameViewResolver': no URL paths identified
2018-09-12 11:46:16.811 DEBUG 966 --- [main] o.s.w.s.h.BeanNameUrlHandlerMapping      : Rejected bean name 'org.springframework.boot.autoconfigure.web.servlet.error.ErrorMvcAutoConfiguration$DefaultErrorViewResolverConfiguration': no URL paths identified
2018-09-12 11:46:16.811 DEBUG 966 --- [main] o.s.w.s.h.BeanNameUrlHandlerMapping      : Rejected bean name 'conventionErrorViewResolver': no URL paths identified
2018-09-12 11:46:16.811 DEBUG 966 --- [main] o.s.w.s.h.BeanNameUrlHandlerMapping      : Rejected bean name 'org.springframework.boot.autoconfigure.web.servlet.error.ErrorMvcAutoConfiguration': no URL paths identified
2018-09-12 11:46:16.811 DEBUG 966 --- [main] o.s.w.s.h.BeanNameUrlHandlerMapping      : Rejected bean name 'errorAttributes': no URL paths identified
2018-09-12 11:46:16.811 DEBUG 966 --- [main] o.s.w.s.h.BeanNameUrlHandlerMapping      : Rejected bean name 'basicErrorController': no URL paths identified
2018-09-12 11:46:16.811 DEBUG 966 --- [main] o.s.w.s.h.BeanNameUrlHandlerMapping      : Rejected bean name 'errorPageCustomizer': no URL paths identified
2018-09-12 11:46:16.811 DEBUG 966 --- [main] o.s.w.s.h.BeanNameUrlHandlerMapping      : Rejected bean name 'preserveErrorControllerTargetClassPostProcessor': no URL paths identified
2018-09-12 11:46:16.811 DEBUG 966 --- [main] o.s.w.s.h.BeanNameUrlHandlerMapping      : Rejected bean name 'spring.resources-org.springframework.boot.autoconfigure.web.ResourceProperties': no URL paths identified
2018-09-12 11:46:16.811 DEBUG 966 --- [main] o.s.w.s.h.BeanNameUrlHandlerMapping      : Rejected bean name 'org.springframework.boot.autoconfigure.web.servlet.WebMvcAutoConfiguration$EnableWebMvcConfiguration': no URL paths identified
2018-09-12 11:46:16.812 DEBUG 966 --- [main] o.s.w.s.h.BeanNameUrlHandlerMapping      : Rejected bean name 'requestMappingHandlerAdapter': no URL paths identified
2018-09-12 11:46:16.812 DEBUG 966 --- [main] o.s.w.s.h.BeanNameUrlHandlerMapping      : Rejected bean name 'requestMappingHandlerMapping': no URL paths identified
2018-09-12 11:46:16.812 DEBUG 966 --- [main] o.s.w.s.h.BeanNameUrlHandlerMapping      : Rejected bean name 'mvcConversionService': no URL paths identified
2018-09-12 11:46:16.812 DEBUG 966 --- [main] o.s.w.s.h.BeanNameUrlHandlerMapping      : Rejected bean name 'mvcValidator': no URL paths identified
2018-09-12 11:46:16.812 DEBUG 966 --- [main] o.s.w.s.h.BeanNameUrlHandlerMapping      : Rejected bean name 'mvcContentNegotiationManager': no URL paths identified
2018-09-12 11:46:16.812 DEBUG 966 --- [main] o.s.w.s.h.BeanNameUrlHandlerMapping      : Rejected bean name 'mvcPathMatcher': no URL paths identified
2018-09-12 11:46:16.812 DEBUG 966 --- [main] o.s.w.s.h.BeanNameUrlHandlerMapping      : Rejected bean name 'mvcUrlPathHelper': no URL paths identified
2018-09-12 11:46:16.812 DEBUG 966 --- [main] o.s.w.s.h.BeanNameUrlHandlerMapping      : Rejected bean name 'viewControllerHandlerMapping': no URL paths identified
2018-09-12 11:46:16.812 DEBUG 966 --- [main] o.s.w.s.h.BeanNameUrlHandlerMapping      : Rejected bean name 'beanNameHandlerMapping': no URL paths identified
2018-09-12 11:46:16.812 DEBUG 966 --- [main] o.s.w.s.h.BeanNameUrlHandlerMapping      : Rejected bean name 'resourceHandlerMapping': no URL paths identified
2018-09-12 11:46:16.812 DEBUG 966 --- [main] o.s.w.s.h.BeanNameUrlHandlerMapping      : Rejected bean name 'mvcResourceUrlProvider': no URL paths identified
2018-09-12 11:46:16.812 DEBUG 966 --- [main] o.s.w.s.h.BeanNameUrlHandlerMapping      : Rejected bean name 'defaultServletHandlerMapping': no URL paths identified
2018-09-12 11:46:16.812 DEBUG 966 --- [main] o.s.w.s.h.BeanNameUrlHandlerMapping      : Rejected bean name 'mvcUriComponentsContributor': no URL paths identified
2018-09-12 11:46:16.812 DEBUG 966 --- [main] o.s.w.s.h.BeanNameUrlHandlerMapping      : Rejected bean name 'httpRequestHandlerAdapter': no URL paths identified
2018-09-12 11:46:16.812 DEBUG 966 --- [main] o.s.w.s.h.BeanNameUrlHandlerMapping      : Rejected bean name 'simpleControllerHandlerAdapter': no URL paths identified
2018-09-12 11:46:16.812 DEBUG 966 --- [main] o.s.w.s.h.BeanNameUrlHandlerMapping      : Rejected bean name 'handlerExceptionResolver': no URL paths identified
2018-09-12 11:46:16.812 DEBUG 966 --- [main] o.s.w.s.h.BeanNameUrlHandlerMapping      : Rejected bean name 'mvcViewResolver': no URL paths identified
2018-09-12 11:46:16.812 DEBUG 966 --- [main] o.s.w.s.h.BeanNameUrlHandlerMapping      : Rejected bean name 'mvcHandlerMappingIntrospector': no URL paths identified
2018-09-12 11:46:16.813 DEBUG 966 --- [main] o.s.w.s.h.BeanNameUrlHandlerMapping      : Rejected bean name 'org.springframework.boot.autoconfigure.web.servlet.WebMvcAutoConfiguration$WebMvcAutoConfigurationAdapter$FaviconConfiguration': no URL paths identified
2018-09-12 11:46:16.813 DEBUG 966 --- [main] o.s.w.s.h.BeanNameUrlHandlerMapping      : Rejected bean name 'faviconHandlerMapping': no URL paths identified
2018-09-12 11:46:16.813 DEBUG 966 --- [main] o.s.w.s.h.BeanNameUrlHandlerMapping      : Rejected bean name 'faviconRequestHandler': no URL paths identified
2018-09-12 11:46:16.813 DEBUG 966 --- [main] o.s.w.s.h.BeanNameUrlHandlerMapping      : Rejected bean name 'org.springframework.boot.autoconfigure.web.servlet.WebMvcAutoConfiguration$WebMvcAutoConfigurationAdapter': no URL paths identified
2018-09-12 11:46:16.813 DEBUG 966 --- [main] o.s.w.s.h.BeanNameUrlHandlerMapping      : Rejected bean name 'defaultViewResolver': no URL paths identified
2018-09-12 11:46:16.813 DEBUG 966 --- [main] o.s.w.s.h.BeanNameUrlHandlerMapping      : Rejected bean name 'viewResolver': no URL paths identified
2018-09-12 11:46:16.813 DEBUG 966 --- [main] o.s.w.s.h.BeanNameUrlHandlerMapping      : Rejected bean name 'welcomePageHandlerMapping': no URL paths identified
2018-09-12 11:46:16.813 DEBUG 966 --- [main] o.s.w.s.h.BeanNameUrlHandlerMapping      : Rejected bean name 'requestContextFilter': no URL paths identified
2018-09-12 11:46:16.813 DEBUG 966 --- [main] o.s.w.s.h.BeanNameUrlHandlerMapping      : Rejected bean name 'org.springframework.boot.autoconfigure.web.servlet.WebMvcAutoConfiguration': no URL paths identified
2018-09-12 11:46:16.813 DEBUG 966 --- [main] o.s.w.s.h.BeanNameUrlHandlerMapping      : Rejected bean name 'hiddenHttpMethodFilter': no URL paths identified
2018-09-12 11:46:16.813 DEBUG 966 --- [main] o.s.w.s.h.BeanNameUrlHandlerMapping      : Rejected bean name 'httpPutFormContentFilter': no URL paths identified
2018-09-12 11:46:16.813 DEBUG 966 --- [main] o.s.w.s.h.BeanNameUrlHandlerMapping      : Rejected bean name 'org.mybatis.spring.boot.autoconfigure.MybatisAutoConfiguration$MapperScannerRegistrarNotFoundConfiguration': no URL paths identified
2018-09-12 11:46:16.813 DEBUG 966 --- [main] o.s.w.s.h.BeanNameUrlHandlerMapping      : Rejected bean name 'org.mybatis.spring.boot.autoconfigure.MybatisAutoConfiguration': no URL paths identified
2018-09-12 11:46:16.813 DEBUG 966 --- [main] o.s.w.s.h.BeanNameUrlHandlerMapping      : Rejected bean name 'sqlSessionFactory': no URL paths identified
2018-09-12 11:46:16.814 DEBUG 966 --- [main] o.s.w.s.h.BeanNameUrlHandlerMapping      : Rejected bean name 'sqlSessionTemplate': no URL paths identified
2018-09-12 11:46:16.814 DEBUG 966 --- [main] o.s.w.s.h.BeanNameUrlHandlerMapping      : Rejected bean name 'mybatis-org.mybatis.spring.boot.autoconfigure.MybatisProperties': no URL paths identified
2018-09-12 11:46:16.814 DEBUG 966 --- [main] o.s.w.s.h.BeanNameUrlHandlerMapping      : Rejected bean name 'org.springframework.boot.autoconfigure.jmx.JmxAutoConfiguration': no URL paths identified
2018-09-12 11:46:16.814 DEBUG 966 --- [main] o.s.w.s.h.BeanNameUrlHandlerMapping      : Rejected bean name 'mbeanExporter': no URL paths identified
2018-09-12 11:46:16.814 DEBUG 966 --- [main] o.s.w.s.h.BeanNameUrlHandlerMapping      : Rejected bean name 'objectNamingStrategy': no URL paths identified
2018-09-12 11:46:16.814 DEBUG 966 --- [main] o.s.w.s.h.BeanNameUrlHandlerMapping      : Rejected bean name 'mbeanServer': no URL paths identified
2018-09-12 11:46:16.814 DEBUG 966 --- [main] o.s.w.s.h.BeanNameUrlHandlerMapping      : Rejected bean name 'org.springframework.boot.autoconfigure.admin.SpringApplicationAdminJmxAutoConfiguration': no URL paths identified
2018-09-12 11:46:16.814 DEBUG 966 --- [main] o.s.w.s.h.BeanNameUrlHandlerMapping      : Rejected bean name 'springApplicationAdminRegistrar': no URL paths identified
2018-09-12 11:46:16.814 DEBUG 966 --- [main] o.s.w.s.h.BeanNameUrlHandlerMapping      : Rejected bean name 'org.springframework.boot.autoconfigure.context.ConfigurationPropertiesAutoConfiguration': no URL paths identified
2018-09-12 11:46:16.814 DEBUG 966 --- [main] o.s.w.s.h.BeanNameUrlHandlerMapping      : Rejected bean name 'org.springframework.boot.autoconfigure.dao.PersistenceExceptionTranslationAutoConfiguration': no URL paths identified
2018-09-12 11:46:16.814 DEBUG 966 --- [main] o.s.w.s.h.BeanNameUrlHandlerMapping      : Rejected bean name 'persistenceExceptionTranslationPostProcessor': no URL paths identified
2018-09-12 11:46:16.814 DEBUG 966 --- [main] o.s.w.s.h.BeanNameUrlHandlerMapping      : Rejected bean name 'org.springframework.boot.autoconfigure.http.HttpMessageConvertersAutoConfiguration$StringHttpMessageConverterConfiguration': no URL paths identified
2018-09-12 11:46:16.814 DEBUG 966 --- [main] o.s.w.s.h.BeanNameUrlHandlerMapping      : Rejected bean name 'stringHttpMessageConverter': no URL paths identified
2018-09-12 11:46:16.814 DEBUG 966 --- [main] o.s.w.s.h.BeanNameUrlHandlerMapping      : Rejected bean name 'spring.http.encoding-org.springframework.boot.autoconfigure.http.HttpEncodingProperties': no URL paths identified
2018-09-12 11:46:16.814 DEBUG 966 --- [main] o.s.w.s.h.BeanNameUrlHandlerMapping      : Rejected bean name 'org.springframework.boot.autoconfigure.http.JacksonHttpMessageConvertersConfiguration$MappingJackson2HttpMessageConverterConfiguration': no URL paths identified
2018-09-12 11:46:16.814 DEBUG 966 --- [main] o.s.w.s.h.BeanNameUrlHandlerMapping      : Rejected bean name 'mappingJackson2HttpMessageConverter': no URL paths identified
2018-09-12 11:46:16.814 DEBUG 966 --- [main] o.s.w.s.h.BeanNameUrlHandlerMapping      : Rejected bean name 'org.springframework.boot.autoconfigure.http.JacksonHttpMessageConvertersConfiguration': no URL paths identified
2018-09-12 11:46:16.815 DEBUG 966 --- [main] o.s.w.s.h.BeanNameUrlHandlerMapping      : Rejected bean name 'org.springframework.boot.autoconfigure.http.HttpMessageConvertersAutoConfiguration': no URL paths identified
2018-09-12 11:46:16.815 DEBUG 966 --- [main] o.s.w.s.h.BeanNameUrlHandlerMapping      : Rejected bean name 'messageConverters': no URL paths identified
2018-09-12 11:46:16.815 DEBUG 966 --- [main] o.s.w.s.h.BeanNameUrlHandlerMapping      : Rejected bean name 'org.springframework.boot.autoconfigure.info.ProjectInfoAutoConfiguration': no URL paths identified
2018-09-12 11:46:16.815 DEBUG 966 --- [main] o.s.w.s.h.BeanNameUrlHandlerMapping      : Rejected bean name 'spring.info-org.springframework.boot.autoconfigure.info.ProjectInfoProperties': no URL paths identified
2018-09-12 11:46:16.815 DEBUG 966 --- [main] o.s.w.s.h.BeanNameUrlHandlerMapping      : Rejected bean name 'org.springframework.boot.autoconfigure.jdbc.DataSourceTransactionManagerAutoConfiguration$DataSourceTransactionManagerConfiguration': no URL paths identified
2018-09-12 11:46:16.815 DEBUG 966 --- [main] o.s.w.s.h.BeanNameUrlHandlerMapping      : Rejected bean name 'transactionManager': no URL paths identified
2018-09-12 11:46:16.815 DEBUG 966 --- [main] o.s.w.s.h.BeanNameUrlHandlerMapping      : Rejected bean name 'org.springframework.boot.autoconfigure.jdbc.DataSourceTransactionManagerAutoConfiguration': no URL paths identified
2018-09-12 11:46:16.815 DEBUG 966 --- [main] o.s.w.s.h.BeanNameUrlHandlerMapping      : Rejected bean name 'org.springframework.transaction.annotation.ProxyTransactionManagementConfiguration': no URL paths identified
2018-09-12 11:46:16.815 DEBUG 966 --- [main] o.s.w.s.h.BeanNameUrlHandlerMapping      : Rejected bean name 'org.springframework.transaction.config.internalTransactionAdvisor': no URL paths identified
2018-09-12 11:46:16.815 DEBUG 966 --- [main] o.s.w.s.h.BeanNameUrlHandlerMapping      : Rejected bean name 'transactionAttributeSource': no URL paths identified
2018-09-12 11:46:16.815 DEBUG 966 --- [main] o.s.w.s.h.BeanNameUrlHandlerMapping      : Rejected bean name 'transactionInterceptor': no URL paths identified
2018-09-12 11:46:16.815 DEBUG 966 --- [main] o.s.w.s.h.BeanNameUrlHandlerMapping      : Rejected bean name 'org.springframework.transaction.config.internalTransactionalEventListenerFactory': no URL paths identified
2018-09-12 11:46:16.815 DEBUG 966 --- [main] o.s.w.s.h.BeanNameUrlHandlerMapping      : Rejected bean name 'org.springframework.boot.autoconfigure.transaction.TransactionAutoConfiguration$EnableTransactionManagementConfiguration$CglibAutoProxyConfiguration': no URL paths identified
2018-09-12 11:46:16.815 DEBUG 966 --- [main] o.s.w.s.h.BeanNameUrlHandlerMapping      : Rejected bean name 'org.springframework.aop.config.internalAutoProxyCreator': no URL paths identified
2018-09-12 11:46:16.815 DEBUG 966 --- [main] o.s.w.s.h.BeanNameUrlHandlerMapping      : Rejected bean name 'org.springframework.boot.autoconfigure.transaction.TransactionAutoConfiguration$EnableTransactionManagementConfiguration': no URL paths identified
2018-09-12 11:46:16.815 DEBUG 966 --- [main] o.s.w.s.h.BeanNameUrlHandlerMapping      : Rejected bean name 'org.springframework.boot.autoconfigure.transaction.TransactionAutoConfiguration$TransactionTemplateConfiguration': no URL paths identified
2018-09-12 11:46:16.815 DEBUG 966 --- [main] o.s.w.s.h.BeanNameUrlHandlerMapping      : Rejected bean name 'transactionTemplate': no URL paths identified
2018-09-12 11:46:16.816 DEBUG 966 --- [main] o.s.w.s.h.BeanNameUrlHandlerMapping      : Rejected bean name 'org.springframework.boot.autoconfigure.transaction.TransactionAutoConfiguration': no URL paths identified
2018-09-12 11:46:16.816 DEBUG 966 --- [main] o.s.w.s.h.BeanNameUrlHandlerMapping      : Rejected bean name 'platformTransactionManagerCustomizers': no URL paths identified
2018-09-12 11:46:16.816 DEBUG 966 --- [main] o.s.w.s.h.BeanNameUrlHandlerMapping      : Rejected bean name 'spring.transaction-org.springframework.boot.autoconfigure.transaction.TransactionProperties': no URL paths identified
2018-09-12 11:46:16.816 DEBUG 966 --- [main] o.s.w.s.h.BeanNameUrlHandlerMapping      : Rejected bean name 'org.springframework.boot.autoconfigure.security.reactive.ReactiveSecurityAutoConfiguration': no URL paths identified
2018-09-12 11:46:16.816 DEBUG 966 --- [main] o.s.w.s.h.BeanNameUrlHandlerMapping      : Rejected bean name 'spring.security-org.springframework.boot.autoconfigure.security.SecurityProperties': no URL paths identified
2018-09-12 11:46:16.816 DEBUG 966 --- [main] o.s.w.s.h.BeanNameUrlHandlerMapping      : Rejected bean name 'org.springframework.boot.autoconfigure.web.client.RestTemplateAutoConfiguration': no URL paths identified
2018-09-12 11:46:16.816 DEBUG 966 --- [main] o.s.w.s.h.BeanNameUrlHandlerMapping      : Rejected bean name 'restTemplateBuilder': no URL paths identified
2018-09-12 11:46:16.816 DEBUG 966 --- [main] o.s.w.s.h.BeanNameUrlHandlerMapping      : Rejected bean name 'org.springframework.boot.autoconfigure.web.embedded.EmbeddedWebServerFactoryCustomizerAutoConfiguration$TomcatWebServerFactoryCustomizerConfiguration': no URL paths identified
2018-09-12 11:46:16.816 DEBUG 966 --- [main] o.s.w.s.h.BeanNameUrlHandlerMapping      : Rejected bean name 'tomcatWebServerFactoryCustomizer': no URL paths identified
2018-09-12 11:46:16.816 DEBUG 966 --- [main] o.s.w.s.h.BeanNameUrlHandlerMapping      : Rejected bean name 'org.springframework.boot.autoconfigure.web.embedded.EmbeddedWebServerFactoryCustomizerAutoConfiguration': no URL paths identified
2018-09-12 11:46:16.816 DEBUG 966 --- [main] o.s.w.s.h.BeanNameUrlHandlerMapping      : Rejected bean name 'org.springframework.boot.autoconfigure.web.servlet.HttpEncodingAutoConfiguration': no URL paths identified
2018-09-12 11:46:16.816 DEBUG 966 --- [main] o.s.w.s.h.BeanNameUrlHandlerMapping      : Rejected bean name 'characterEncodingFilter': no URL paths identified
2018-09-12 11:46:16.816 DEBUG 966 --- [main] o.s.w.s.h.BeanNameUrlHandlerMapping      : Rejected bean name 'localeCharsetMappingsCustomizer': no URL paths identified
2018-09-12 11:46:16.816 DEBUG 966 --- [main] o.s.w.s.h.BeanNameUrlHandlerMapping      : Rejected bean name 'org.springframework.boot.autoconfigure.web.servlet.MultipartAutoConfiguration': no URL paths identified
2018-09-12 11:46:16.816 DEBUG 966 --- [main] o.s.w.s.h.BeanNameUrlHandlerMapping      : Rejected bean name 'multipartConfigElement': no URL paths identified
2018-09-12 11:46:16.816 DEBUG 966 --- [main] o.s.w.s.h.BeanNameUrlHandlerMapping      : Rejected bean name 'multipartResolver': no URL paths identified
2018-09-12 11:46:16.816 DEBUG 966 --- [main] o.s.w.s.h.BeanNameUrlHandlerMapping      : Rejected bean name 'spring.servlet.multipart-org.springframework.boot.autoconfigure.web.servlet.MultipartProperties': no URL paths identified
2018-09-12 11:46:16.816 DEBUG 966 --- [main] o.s.w.s.h.BeanNameUrlHandlerMapping      : Rejected bean name 'autoConfigurationReport': no URL paths identified
2018-09-12 11:46:16.816 DEBUG 966 --- [main] o.s.w.s.h.BeanNameUrlHandlerMapping      : Rejected bean name 'org.springframework.boot.context.ContextIdApplicationContextInitializer$ContextId': no URL paths identified
2018-09-12 11:46:16.817 DEBUG 966 --- [main] o.s.w.s.h.BeanNameUrlHandlerMapping      : Rejected bean name 'springApplicationArguments': no URL paths identified
2018-09-12 11:46:16.817 DEBUG 966 --- [main] o.s.w.s.h.BeanNameUrlHandlerMapping      : Rejected bean name 'springBootBanner': no URL paths identified
2018-09-12 11:46:16.817 DEBUG 966 --- [main] o.s.w.s.h.BeanNameUrlHandlerMapping      : Rejected bean name 'springBootLoggingSystem': no URL paths identified
2018-09-12 11:46:16.817 DEBUG 966 --- [main] o.s.w.s.h.BeanNameUrlHandlerMapping      : Rejected bean name 'environment': no URL paths identified
2018-09-12 11:46:16.817 DEBUG 966 --- [main] o.s.w.s.h.BeanNameUrlHandlerMapping      : Rejected bean name 'systemProperties': no URL paths identified
2018-09-12 11:46:16.817 DEBUG 966 --- [main] o.s.w.s.h.BeanNameUrlHandlerMapping      : Rejected bean name 'systemEnvironment': no URL paths identified
2018-09-12 11:46:16.817 DEBUG 966 --- [main] o.s.w.s.h.BeanNameUrlHandlerMapping      : Rejected bean name 'org.springframework.context.annotation.ConfigurationClassPostProcessor.importRegistry': no URL paths identified
2018-09-12 11:46:16.817 DEBUG 966 --- [main] o.s.w.s.h.BeanNameUrlHandlerMapping      : Rejected bean name 'messageSource': no URL paths identified
2018-09-12 11:46:16.817 DEBUG 966 --- [main] o.s.w.s.h.BeanNameUrlHandlerMapping      : Rejected bean name 'applicationEventMulticaster': no URL paths identified
2018-09-12 11:46:16.817 DEBUG 966 --- [main] o.s.w.s.h.BeanNameUrlHandlerMapping      : Rejected bean name 'servletContext': no URL paths identified
2018-09-12 11:46:16.817 DEBUG 966 --- [main] o.s.w.s.h.BeanNameUrlHandlerMapping      : Rejected bean name 'contextParameters': no URL paths identified
2018-09-12 11:46:16.817 DEBUG 966 --- [main] o.s.w.s.h.BeanNameUrlHandlerMapping      : Rejected bean name 'contextAttributes': no URL paths identified
2018-09-12 11:46:16.834  INFO 966 --- [main] o.s.w.s.handler.SimpleUrlHandlerMapping  : Mapped URL path [/webjars/**] onto handler of type [class org.springframework.web.servlet.resource.ResourceHttpRequestHandler]
2018-09-12 11:46:16.834  INFO 966 --- [main] o.s.w.s.handler.SimpleUrlHandlerMapping  : Mapped URL path [/**] onto handler of type [class org.springframework.web.servlet.resource.ResourceHttpRequestHandler]
2018-09-12 11:46:16.848 DEBUG 966 --- [main] .m.m.a.ExceptionHandlerExceptionResolver : Looking for exception mappings: org.springframework.boot.web.servlet.context.AnnotationConfigServletWebServerApplicationContext@6379eb: startup date [Wed Sep 12 11:46:12 CST 2018]; root of context hierarchy
2018-09-12 11:46:16.852  INFO 966 --- [main] .m.m.a.ExceptionHandlerExceptionResolver : Detected ResponseBodyAdvice implementation in fastJsonpResponseBodyAdvice
2018-09-12 11:46:16.852  INFO 966 --- [main] .m.m.a.ExceptionHandlerExceptionResolver : Detected ResponseBodyAdvice implementation in JSONPResponseBodyAdvice
2018-09-12 11:46:16.853  INFO 966 --- [main] .m.m.a.ExceptionHandlerExceptionResolver : Detected ResponseBodyAdvice implementation in fastJsonViewResponseBodyAdvice
2018-09-12 11:46:17.190  INFO 966 --- [main] o.s.w.s.handler.SimpleUrlHandlerMapping  : Mapped URL path [/**/favicon.ico] onto handler of type [class org.springframework.web.servlet.resource.ResourceHttpRequestHandler]
2018-09-12 11:46:17.435  INFO 966 --- [main] o.s.j.e.a.AnnotationMBeanExporter        : Registering beans for JMX exposure on startup
2018-09-12 11:46:17.436  INFO 966 --- [main] o.s.j.e.a.AnnotationMBeanExporter        : Bean with name 'dataSource' has been autodetected for JMX exposure
2018-09-12 11:46:17.441  INFO 966 --- [main] o.s.j.e.a.AnnotationMBeanExporter        : Located MBean 'dataSource': registering with JMX server as MBean [com.zaxxer.hikari:name=dataSource,type=HikariDataSource]
2018-09-12 11:46:17.448 DEBUG 966 --- [main] o.s.w.s.resource.ResourceUrlProvider     : Looking for resource handler mappings
2018-09-12 11:46:17.449 DEBUG 966 --- [main] o.s.w.s.resource.ResourceUrlProvider     : Found resource handler mapping: URL pattern="/**/favicon.ico", locations=[class path resource [META-INF/resources/], class path resource [resources/], class path resource [static/], class path resource [public/], ServletContext resource [/], class path resource []], resolvers=[org.springframework.web.servlet.resource.PathResourceResolver@558aa1f1]
2018-09-12 11:46:17.449 DEBUG 966 --- [main] o.s.w.s.resource.ResourceUrlProvider     : Found resource handler mapping: URL pattern="/webjars/**", locations=[class path resource [META-INF/resources/webjars/]], resolvers=[org.springframework.web.servlet.resource.PathResourceResolver@361d8567]
2018-09-12 11:46:17.449 DEBUG 966 --- [main] o.s.w.s.resource.ResourceUrlProvider     : Found resource handler mapping: URL pattern="/**", locations=[class path resource [META-INF/resources/], class path resource [resources/], class path resource [static/], class path resource [public/], ServletContext resource [/]], resolvers=[org.springframework.web.servlet.resource.PathResourceResolver@3fd6dfbc]
2018-09-12 11:46:17.468  INFO 966 --- [main] o.s.b.w.embedded.tomcat.TomcatWebServer  : Tomcat started on port(s): 8081 (http) with context path '/helloboot'
2018-09-12 11:46:17.468 DEBUG 966 --- [main] o.s.w.c.s.StandardServletEnvironment     : Adding PropertySource 'server.ports' with highest search precedence
2018-09-12 11:46:17.471  INFO 966 --- [main] com.example.demo.DemoApplication         : Started DemoApplication in 5.29 seconds (JVM running for 5.99)
2018-09-12 11:47:30.858 DEBUG 966 --- [http-nio-8081-exec-1] o.s.web.servlet.DispatcherServlet        : Initializing servlet 'dispatcherServlet'
2018-09-12 11:47:30.859  INFO 966 --- [http-nio-8081-exec-1] o.a.c.c.C.[.[localhost].[/helloboot]     : Initializing Spring FrameworkServlet 'dispatcherServlet'
2018-09-12 11:47:30.859  INFO 966 --- [http-nio-8081-exec-1] o.s.web.servlet.DispatcherServlet        : FrameworkServlet 'dispatcherServlet': initialization started
2018-09-12 11:47:30.860 DEBUG 966 --- [http-nio-8081-exec-1] o.s.web.servlet.DispatcherServlet        : Using MultipartResolver [org.springframework.web.multipart.support.StandardServletMultipartResolver@28153d7f]
2018-09-12 11:47:30.863 DEBUG 966 --- [http-nio-8081-exec-1] o.s.web.servlet.DispatcherServlet        : Unable to locate LocaleResolver with name 'localeResolver': using default [org.springframework.web.servlet.i18n.AcceptHeaderLocaleResolver@6d5cba0a]
2018-09-12 11:47:30.867 DEBUG 966 --- [http-nio-8081-exec-1] o.s.web.servlet.DispatcherServlet        : Unable to locate ThemeResolver with name 'themeResolver': using default [org.springframework.web.servlet.theme.FixedThemeResolver@5f7063f]
2018-09-12 11:47:30.872 DEBUG 966 --- [http-nio-8081-exec-1] o.s.web.servlet.DispatcherServlet        : Unable to locate RequestToViewNameTranslator with name 'viewNameTranslator': using default [org.springframework.web.servlet.view.DefaultRequestToViewNameTranslator@5c1fb7bd]
2018-09-12 11:47:30.877 DEBUG 966 --- [http-nio-8081-exec-1] o.s.web.servlet.DispatcherServlet        : Unable to locate FlashMapManager with name 'flashMapManager': using default [org.springframework.web.servlet.support.SessionFlashMapManager@45c193c7]
2018-09-12 11:47:30.877 DEBUG 966 --- [http-nio-8081-exec-1] o.s.web.servlet.DispatcherServlet        : Published WebApplicationContext of servlet 'dispatcherServlet' as ServletContext attribute with name [org.springframework.web.servlet.FrameworkServlet.CONTEXT.dispatcherServlet]
2018-09-12 11:47:30.877  INFO 966 --- [http-nio-8081-exec-1] o.s.web.servlet.DispatcherServlet        : FrameworkServlet 'dispatcherServlet': initialization completed in 18 ms
2018-09-12 11:47:30.877 DEBUG 966 --- [http-nio-8081-exec-1] o.s.web.servlet.DispatcherServlet        : Servlet 'dispatcherServlet' configured successfully
2018-09-12 11:47:30.886 DEBUG 966 --- [http-nio-8081-exec-1] o.s.web.servlet.DispatcherServlet        : DispatcherServlet with name 'dispatcherServlet' processing GET request for [/helloboot/es/queryMatchData]
2018-09-12 11:47:30.889 DEBUG 966 --- [http-nio-8081-exec-1] s.w.s.m.m.a.RequestMappingHandlerMapping : Looking up handler method for path /es/queryMatchData
2018-09-12 11:47:30.890 DEBUG 966 --- [http-nio-8081-exec-1] s.w.s.m.m.a.RequestMappingHandlerMapping : Returning handler method [public java.lang.String com.elasticsearch.ESController.queryMatchData()]
2018-09-12 11:47:30.890 DEBUG 966 --- [http-nio-8081-exec-1] o.s.web.servlet.DispatcherServlet        : Last-Modified value for [/helloboot/es/queryMatchData] is: -1
2018-09-12 11:47:30.904  INFO 966 --- [http-nio-8081-exec-1] com.elasticsearch.ElasticsearchUtils     : 
{"size":10,"query":{"bool":{"must":[{"match":{"name":{"query":"修","operator":"OR","prefix_length":0,"max_expansions":50,"fuzzy_transpositions":true,"lenient":false,"zero_terms_query":"NONE","auto_generate_synonyms_phrase_query":true,"boost":1.0}}}],"adjust_pure_negative":true,"boost":1.0}},"_source":{"includes":[],"excludes":[]}}
2018-09-12 11:47:31.076  INFO 966 --- [http-nio-8081-exec-1] com.elasticsearch.ElasticsearchUtils     : 共查询到[1]条数据,处理数据条数[1]
2018-09-12 11:47:31.139 DEBUG 966 --- [http-nio-8081-exec-1] m.m.a.RequestResponseBodyMethodProcessor : Written [[{"date":"2018-08-21T09:41:47.141Z","name":"修改","id":"1534843641469","age":31}]] as "text/html" using [org.springframework.http.converter.StringHttpMessageConverter@1ee22768]
2018-09-12 11:47:31.140 DEBUG 966 --- [http-nio-8081-exec-1] o.s.web.servlet.DispatcherServlet        : Null ModelAndView returned to DispatcherServlet with name 'dispatcherServlet': assuming HandlerAdapter completed request handling
2018-09-12 11:47:31.140 DEBUG 966 --- [http-nio-8081-exec-1] o.s.web.servlet.DispatcherServlet        : Successfully completed request
